
> react-typescript-starter@0.1.0 test
> react-scripts test --coverage

Browserslist: caniuse-lite is outdated. Please run:
  npx browserslist@latest --update-db
  Why you should do it regularly: https://github.com/browserslist/browserslist#browsers-data-updating
Browserslist: caniuse-lite is outdated. Please run:
  npx browserslist@latest --update-db
  Why you should do it regularly: https://github.com/browserslist/browserslist#browsers-data-updating
Browserslist: caniuse-lite is outdated. Please run:
  npx browserslist@latest --update-db
  Why you should do it regularly: https://github.com/browserslist/browserslist#browsers-data-updating
PASS src/objects.test.ts
PASS src/arrays.test.ts
PASS src/nested.test.ts
PASS src/functions.test.ts
  ● Console

    console.log
      HELLO

      at shout (src/functions.ts:33:13)

    console.log
      WHAT?

      at shout (src/functions.ts:33:13)

    console.log
      OHO

      at shout (src/functions.ts:33:13)

    console.log
      AHHHH!!!

      at shout (src/functions.ts:33:13)

    console.log


      at shout (src/functions.ts:33:13)

    console.log
      PLEASE GO OUTSIDE

      at shout (src/functions.ts:33:13)

PASS src/text.test.tsx
PASS src/HtmlCss.test.tsx
PASS src/App.test.tsx
----------------|---------|----------|---------|---------|-------------------
File            | % Stmts | % Branch | % Funcs | % Lines | Uncovered Line #s 
----------------|---------|----------|---------|---------|-------------------
All files       |    98.6 |    95.45 |     100 |   98.43 |                   
 src            |    98.6 |    95.45 |     100 |   98.43 |                   
  App.tsx       |     100 |      100 |     100 |     100 |                   
  arrays.ts     |     100 |      100 |     100 |     100 |                   
  functions.ts  |     100 |      100 |     100 |     100 |                   
  nested.ts     |   98.18 |    90.47 |     100 |   97.87 | 233               
  objects.ts    |   96.15 |       90 |     100 |   96.15 | 54                
 src/interfaces |       0 |        0 |       0 |       0 |                   
  answer.ts     |       0 |        0 |       0 |       0 |                   
  question.ts   |       0 |        0 |       0 |       0 |                   
----------------|---------|----------|---------|---------|-------------------

Test Suites: 7 passed, 7 total
Tests:       49 passed, 49 total
Snapshots:   0 total
Time:        4.111 s
Ran all test suites.
